2024-04-22 19:04:46,389 - Target log system for org.apache.velocity.runtime.log.AvalonLogChute is not available (java.lang.NoClassDefFoundError: org/apache/log/format/Formatter).  Falling back to next log system...
2024-04-22 19:04:46,390 - Trying to use logger class org.apache.velocity.runtime.log.Log4JLogChute
2024-04-22 19:04:46,390 - Using logger class org.apache.velocity.runtime.log.Log4JLogChute
2024-04-22 19:04:46,402 - ResourceLoader instantiated: org.apache.velocity.runtime.resource.loader.ClasspathResourceLoader
2024-04-22 19:04:46,497 - ResourceCache: initialized (class org.apache.velocity.runtime.resource.ResourceCacheImpl) with class java.util.Collections$SynchronizedMap cache map.
2024-04-22 19:04:46,523 - Loaded System Directive: org.apache.velocity.runtime.directive.Stop
2024-04-22 19:04:46,529 - Loaded System Directive: org.apache.velocity.runtime.directive.Define
2024-04-22 19:04:46,531 - Loaded System Directive: org.apache.velocity.runtime.directive.Break
2024-04-22 19:04:46,533 - Loaded System Directive: org.apache.velocity.runtime.directive.Evaluate
2024-04-22 19:04:46,534 - Loaded System Directive: org.apache.velocity.runtime.directive.Literal
2024-04-22 19:04:46,537 - Loaded System Directive: org.apache.velocity.runtime.directive.Macro
2024-04-22 19:04:46,541 - Loaded System Directive: org.apache.velocity.runtime.directive.Parse
2024-04-22 19:04:46,544 - Loaded System Directive: org.apache.velocity.runtime.directive.Include
2024-04-22 19:04:46,546 - Loaded System Directive: org.apache.velocity.runtime.directive.Foreach
2024-04-22 19:04:46,667 - Created '20' parsers.
2024-04-22 19:04:46,702 - Velocimacro : "velocimacro.library" is not set.  Trying default library: VM_global_library.vm
2024-04-22 19:04:46,717 - Could not load resource 'VM_global_library.vm' from ResourceLoader org.apache.velocity.runtime.resource.loader.ClasspathResourceLoader: ClasspathResourceLoader Error: cannot find resource VM_global_library.vm
2024-04-22 19:04:46,717 - Velocimacro : Default library not found.
2024-04-22 19:04:46,718 - Velocimacro : allowInline = true : VMs can be defined inline in templates
2024-04-22 19:04:46,719 - Velocimacro : allowInlineToOverride = false : VMs defined inline may NOT replace previous VM definitions
2024-04-22 19:04:46,720 - Velocimacro : allowInlineLocal = false : VMs defined inline will be global in scope if allowed.
2024-04-22 19:04:46,721 - Velocimacro : autoload off : VM system will not automatically reload global library macros
2024-04-22 19:04:46,753 - ResourceManager : found templates/layout.vtl with loader org.apache.velocity.runtime.resource.loader.ClasspathResourceLoader
2024-04-22 19:04:46,830 - ResourceManager : found templates/index.vtl with loader org.apache.velocity.runtime.resource.loader.ClasspathResourceLoader
2024-04-22 19:09:14,228 - Log4JLogChute initialized using file 'velocity.log'
2024-04-22 19:09:14,238 - Initializing Velocity, Calling init()...
2024-04-22 19:09:14,240 - Starting Apache Velocity v1.7 (compiled: 2010-11-19 12:14:37)
2024-04-22 19:09:14,240 - Default Properties File: org/apache/velocity/runtime/defaults/velocity.properties
2024-04-22 19:09:14,242 - Trying to use logger class org.apache.velocity.runtime.log.AvalonLogChute
2024-04-22 19:09:14,243 - Target log system for org.apache.velocity.runtime.log.AvalonLogChute is not available (java.lang.NoClassDefFoundError: org/apache/log/format/Formatter).  Falling back to next log system...
2024-04-22 19:09:14,244 - Trying to use logger class org.apache.velocity.runtime.log.Log4JLogChute
2024-04-22 19:09:14,247 - Using logger class org.apache.velocity.runtime.log.Log4JLogChute
2024-04-22 19:09:14,267 - ResourceLoader instantiated: org.apache.velocity.runtime.resource.loader.ClasspathResourceLoader
2024-04-22 19:09:14,347 - ResourceCache: initialized (class org.apache.velocity.runtime.resource.ResourceCacheImpl) with class java.util.Collections$SynchronizedMap cache map.
2024-04-22 19:09:14,351 - Loaded System Directive: org.apache.velocity.runtime.directive.Stop
2024-04-22 19:09:14,354 - Loaded System Directive: org.apache.velocity.runtime.directive.Define
2024-04-22 19:09:14,356 - Loaded System Directive: org.apache.velocity.runtime.directive.Break
2024-04-22 19:09:14,390 - Loaded System Directive: org.apache.velocity.runtime.directive.Evaluate
2024-04-22 19:09:14,402 - Loaded System Directive: org.apache.velocity.runtime.directive.Literal
2024-04-22 19:09:14,411 - Loaded System Directive: org.apache.velocity.runtime.directive.Macro
2024-04-22 19:09:14,417 - Loaded System Directive: org.apache.velocity.runtime.directive.Parse
2024-04-22 19:09:14,431 - Loaded System Directive: org.apache.velocity.runtime.directive.Include
2024-04-22 19:09:14,434 - Loaded System Directive: org.apache.velocity.runtime.directive.Foreach
2024-04-22 19:09:14,530 - Created '20' parsers.
2024-04-22 19:09:14,566 - Velocimacro : "velocimacro.library" is not set.  Trying default library: VM_global_library.vm
2024-04-22 19:09:14,568 - Could not load resource 'VM_global_library.vm' from ResourceLoader org.apache.velocity.runtime.resource.loader.ClasspathResourceLoader: ClasspathResourceLoader Error: cannot find resource VM_global_library.vm
2024-04-22 19:09:14,569 - Velocimacro : Default library not found.
2024-04-22 19:09:14,569 - Velocimacro : allowInline = true : VMs can be defined inline in templates
2024-04-22 19:09:14,570 - Velocimacro : allowInlineToOverride = false : VMs defined inline may NOT replace previous VM definitions
2024-04-22 19:09:14,570 - Velocimacro : allowInlineLocal = false : VMs defined inline will be global in scope if allowed.
2024-04-22 19:09:14,571 - Velocimacro : autoload off : VM system will not automatically reload global library macros
2024-04-22 19:09:14,644 - ResourceManager : found templates/layout.vtl with loader org.apache.velocity.runtime.resource.loader.ClasspathResourceLoader
2024-04-22 19:09:14,690 - ResourceManager : found templates/index.vtl with loader org.apache.velocity.runtime.resource.loader.ClasspathResourceLoader
2024-04-22 19:10:41,759 - Log4JLogChute initialized using file 'velocity.log'
2024-04-22 19:10:41,769 - Initializing Velocity, Calling init()...
2024-04-22 19:10:41,771 - Starting Apache Velocity v1.7 (compiled: 2010-11-19 12:14:37)
2024-04-22 19:10:41,774 - Default Properties File: org/apache/velocity/runtime/defaults/velocity.properties
2024-04-22 19:10:41,775 - Trying to use logger class org.apache.velocity.runtime.log.AvalonLogChute
2024-04-22 19:10:41,775 - Target log system for org.apache.velocity.runtime.log.AvalonLogChute is not available (java.lang.NoClassDefFoundError: org/apache/log/format/Formatter).  Falling back to next log system...
2024-04-22 19:10:41,776 - Trying to use logger class org.apache.velocity.runtime.log.Log4JLogChute
2024-04-22 19:10:41,776 - Using logger class org.apache.velocity.runtime.log.Log4JLogChute
2024-04-22 19:10:41,801 - ResourceLoader instantiated: org.apache.velocity.runtime.resource.loader.ClasspathResourceLoader
2024-04-22 19:10:41,853 - ResourceCache: initialized (class org.apache.velocity.runtime.resource.ResourceCacheImpl) with class java.util.Collections$SynchronizedMap cache map.
2024-04-22 19:10:41,864 - Loaded System Directive: org.apache.velocity.runtime.directive.Stop
2024-04-22 19:10:41,872 - Loaded System Directive: org.apache.velocity.runtime.directive.Define
2024-04-22 19:10:41,874 - Loaded System Directive: org.apache.velocity.runtime.directive.Break
2024-04-22 19:10:41,876 - Loaded System Directive: org.apache.velocity.runtime.directive.Evaluate
2024-04-22 19:10:41,879 - Loaded System Directive: org.apache.velocity.runtime.directive.Literal
2024-04-22 19:10:41,882 - Loaded System Directive: org.apache.velocity.runtime.directive.Macro
2024-04-22 19:10:41,886 - Loaded System Directive: org.apache.velocity.runtime.directive.Parse
2024-04-22 19:10:41,892 - Loaded System Directive: org.apache.velocity.runtime.directive.Include
2024-04-22 19:10:41,896 - Loaded System Directive: org.apache.velocity.runtime.directive.Foreach
2024-04-22 19:10:41,975 - Created '20' parsers.
2024-04-22 19:10:42,000 - Velocimacro : "velocimacro.library" is not set.  Trying default library: VM_global_library.vm
2024-04-22 19:10:42,003 - Could not load resource 'VM_global_library.vm' from ResourceLoader org.apache.velocity.runtime.resource.loader.ClasspathResourceLoader: ClasspathResourceLoader Error: cannot find resource VM_global_library.vm
2024-04-22 19:10:42,005 - Velocimacro : Default library not found.
2024-04-22 19:10:42,008 - Velocimacro : allowInline = true : VMs can be defined inline in templates
2024-04-22 19:10:42,009 - Velocimacro : allowInlineToOverride = false : VMs defined inline may NOT replace previous VM definitions
2024-04-22 19:10:42,010 - Velocimacro : allowInlineLocal = false : VMs defined inline will be global in scope if allowed.
2024-04-22 19:10:42,012 - Velocimacro : autoload off : VM system will not automatically reload global library macros
2024-04-22 19:10:42,089 - ResourceManager : found templates/layout.vtl with loader org.apache.velocity.runtime.resource.loader.ClasspathResourceLoader
2024-04-22 19:10:42,156 - ResourceManager : found templates/index.vtl with loader org.apache.velocity.runtime.resource.loader.ClasspathResourceLoader
2024-04-22 19:11:37,714 - Log4JLogChute initialized using file 'velocity.log'
2024-04-22 19:11:37,729 - Initializing Velocity, Calling init()...
2024-04-22 19:11:37,731 - Starting Apache Velocity v1.7 (compiled: 2010-11-19 12:14:37)
2024-04-22 19:11:37,736 - Default Properties File: org/apache/velocity/runtime/defaults/velocity.properties
2024-04-22 19:11:37,736 - Trying to use logger class org.apache.velocity.runtime.log.AvalonLogChute
2024-04-22 19:11:37,737 - Target log system for org.apache.velocity.runtime.log.AvalonLogChute is not available (java.lang.NoClassDefFoundError: org/apache/log/format/Formatter).  Falling back to next log system...
2024-04-22 19:11:37,745 - Trying to use logger class org.apache.velocity.runtime.log.Log4JLogChute
2024-04-22 19:11:37,745 - Using logger class org.apache.velocity.runtime.log.Log4JLogChute
2024-04-22 19:11:37,760 - ResourceLoader instantiated: org.apache.velocity.runtime.resource.loader.ClasspathResourceLoader
2024-04-22 19:11:37,789 - ResourceCache: initialized (class org.apache.velocity.runtime.resource.ResourceCacheImpl) with class java.util.Collections$SynchronizedMap cache map.
2024-04-22 19:11:37,801 - Loaded System Directive: org.apache.velocity.runtime.directive.Stop
2024-04-22 19:11:37,804 - Loaded System Directive: org.apache.velocity.runtime.directive.Define
2024-04-22 19:11:37,810 - Loaded System Directive: org.apache.velocity.runtime.directive.Break
2024-04-22 19:11:37,811 - Loaded System Directive: org.apache.velocity.runtime.directive.Evaluate
2024-04-22 19:11:37,813 - Loaded System Directive: org.apache.velocity.runtime.directive.Literal
2024-04-22 19:11:37,815 - Loaded System Directive: org.apache.velocity.runtime.directive.Macro
2024-04-22 19:11:37,822 - Loaded System Directive: org.apache.velocity.runtime.directive.Parse
2024-04-22 19:11:37,827 - Loaded System Directive: org.apache.velocity.runtime.directive.Include
2024-04-22 19:11:37,832 - Loaded System Directive: org.apache.velocity.runtime.directive.Foreach
2024-04-22 19:11:37,997 - Created '20' parsers.
2024-04-22 19:11:38,016 - Velocimacro : "velocimacro.library" is not set.  Trying default library: VM_global_library.vm
2024-04-22 19:11:38,018 - Could not load resource 'VM_global_library.vm' from ResourceLoader org.apache.velocity.runtime.resource.loader.ClasspathResourceLoader: ClasspathResourceLoader Error: cannot find resource VM_global_library.vm
2024-04-22 19:11:38,018 - Velocimacro : Default library not found.
2024-04-22 19:11:38,019 - Velocimacro : allowInline = true : VMs can be defined inline in templates
2024-04-22 19:11:38,019 - Velocimacro : allowInlineToOverride = false : VMs defined inline may NOT replace previous VM definitions
2024-04-22 19:11:38,020 - Velocimacro : allowInlineLocal = false : VMs defined inline will be global in scope if allowed.
2024-04-22 19:11:38,020 - Velocimacro : autoload off : VM system will not automatically reload global library macros
2024-04-22 19:11:38,050 - ResourceManager : found templates/layout.vtl with loader org.apache.velocity.runtime.resource.loader.ClasspathResourceLoader
2024-04-22 19:11:38,139 - ResourceManager : found templates/index.vtl with loader org.apache.velocity.runtime.resource.loader.ClasspathResourceLoader
2024-04-22 19:25:33,805 - Log4JLogChute initialized using file 'velocity.log'
2024-04-22 19:25:33,811 - Initializing Velocity, Calling init()...
2024-04-22 19:25:33,812 - Starting Apache Velocity v1.7 (compiled: 2010-11-19 12:14:37)
2024-04-22 19:25:33,813 - Default Properties File: org/apache/velocity/runtime/defaults/velocity.properties
2024-04-22 19:25:33,816 - Trying to use logger class org.apache.velocity.runtime.log.AvalonLogChute
2024-04-22 19:25:33,819 - Target log system for org.apache.velocity.runtime.log.AvalonLogChute is not available (java.lang.NoClassDefFoundError: org/apache/log/format/Formatter).  Falling back to next log system...
2024-04-22 19:25:33,820 - Trying to use logger class org.apache.velocity.runtime.log.Log4JLogChute
2024-04-22 19:25:33,838 - Using logger class org.apache.velocity.runtime.log.Log4JLogChute
2024-04-22 19:25:33,874 - ResourceLoader instantiated: org.apache.velocity.runtime.resource.loader.ClasspathResourceLoader
2024-04-22 19:25:34,002 - ResourceCache: initialized (class org.apache.velocity.runtime.resource.ResourceCacheImpl) with class java.util.Collections$SynchronizedMap cache map.
2024-04-22 19:25:34,034 - Loaded System Directive: org.apache.velocity.runtime.directive.Stop
2024-04-22 19:25:34,039 - Loaded System Directive: org.apache.velocity.runtime.directive.Define
2024-04-22 19:25:34,048 - Loaded System Directive: org.apache.velocity.runtime.directive.Break
2024-04-22 19:25:34,054 - Loaded System Directive: org.apache.velocity.runtime.directive.Evaluate
2024-04-22 19:25:34,062 - Loaded System Directive: org.apache.velocity.runtime.directive.Literal
2024-04-22 19:25:34,081 - Loaded System Directive: org.apache.velocity.runtime.directive.Macro
2024-04-22 19:25:34,090 - Loaded System Directive: org.apache.velocity.runtime.directive.Parse
2024-04-22 19:25:34,097 - Loaded System Directive: org.apache.velocity.runtime.directive.Include
2024-04-22 19:25:34,114 - Loaded System Directive: org.apache.velocity.runtime.directive.Foreach
2024-04-22 19:25:34,329 - Created '20' parsers.
2024-04-22 19:25:34,354 - Velocimacro : "velocimacro.library" is not set.  Trying default library: VM_global_library.vm
2024-04-22 19:25:34,356 - Could not load resource 'VM_global_library.vm' from ResourceLoader org.apache.velocity.runtime.resource.loader.ClasspathResourceLoader: ClasspathResourceLoader Error: cannot find resource VM_global_library.vm
2024-04-22 19:25:34,357 - Velocimacro : Default library not found.
2024-04-22 19:25:34,357 - Velocimacro : allowInline = true : VMs can be defined inline in templates
2024-04-22 19:25:34,358 - Velocimacro : allowInlineToOverride = false : VMs defined inline may NOT replace previous VM definitions
2024-04-22 19:25:34,358 - Velocimacro : allowInlineLocal = false : VMs defined inline will be global in scope if allowed.
2024-04-22 19:25:34,359 - Velocimacro : autoload off : VM system will not automatically reload global library macros
2024-04-22 19:25:34,404 - ResourceManager : found templates/layout.vtl with loader org.apache.velocity.runtime.resource.loader.ClasspathResourceLoader
2024-04-22 19:25:34,477 - ResourceManager : found templates/index.vtl with loader org.apache.velocity.runtime.resource.loader.ClasspathResourceLoader
2024-04-22 21:24:47,010 - Log4JLogChute initialized using file 'velocity.log'
2024-04-22 21:24:47,012 - Initializing Velocity, Calling init()...
2024-04-22 21:24:47,012 - Starting Apache Velocity v1.7 (compiled: 2010-11-19 12:14:37)
2024-04-22 21:24:47,012 - Default Properties File: org/apache/velocity/runtime/defaults/velocity.properties
2024-04-22 21:24:47,013 - Trying to use logger class org.apache.velocity.runtime.log.AvalonLogChute
2024-04-22 21:24:47,013 - Target log system for org.apache.velocity.runtime.log.AvalonLogChute is not available (java.lang.NoClassDefFoundError: org/apache/log/format/Formatter).  Falling back to next log system...
2024-04-22 21:24:47,013 - Trying to use logger class org.apache.velocity.runtime.log.Log4JLogChute
2024-04-22 21:24:47,013 - Using logger class org.apache.velocity.runtime.log.Log4JLogChute
2024-04-22 21:24:47,023 - ResourceLoader instantiated: org.apache.velocity.runtime.resource.loader.ClasspathResourceLoader
2024-04-22 21:24:47,051 - ResourceCache: initialized (class org.apache.velocity.runtime.resource.ResourceCacheImpl) with class java.util.Collections$SynchronizedMap cache map.
2024-04-22 21:24:47,055 - Loaded System Directive: org.apache.velocity.runtime.directive.Stop
2024-04-22 21:24:47,058 - Loaded System Directive: org.apache.velocity.runtime.directive.Define
2024-04-22 21:24:47,060 - Loaded System Directive: org.apache.velocity.runtime.directive.Break
2024-04-22 21:24:47,061 - Loaded System Directive: org.apache.velocity.runtime.directive.Evaluate
2024-04-22 21:24:47,063 - Loaded System Directive: org.apache.velocity.runtime.directive.Literal
2024-04-22 21:24:47,065 - Loaded System Directive: org.apache.velocity.runtime.directive.Macro
2024-04-22 21:24:47,069 - Loaded System Directive: org.apache.velocity.runtime.directive.Parse
2024-04-22 21:24:47,072 - Loaded System Directive: org.apache.velocity.runtime.directive.Include
2024-04-22 21:24:47,074 - Loaded System Directive: org.apache.velocity.runtime.directive.Foreach
2024-04-22 21:24:47,146 - Created '20' parsers.
2024-04-22 21:24:47,165 - Velocimacro : "velocimacro.library" is not set.  Trying default library: VM_global_library.vm
2024-04-22 21:24:47,169 - Could not load resource 'VM_global_library.vm' from ResourceLoader org.apache.velocity.runtime.resource.loader.ClasspathResourceLoader: ClasspathResourceLoader Error: cannot find resource VM_global_library.vm
2024-04-22 21:24:47,170 - Velocimacro : Default library not found.
2024-04-22 21:24:47,170 - Velocimacro : allowInline = true : VMs can be defined inline in templates
2024-04-22 21:24:47,170 - Velocimacro : allowInlineToOverride = false : VMs defined inline may NOT replace previous VM definitions
2024-04-22 21:24:47,170 - Velocimacro : allowInlineLocal = false : VMs defined inline will be global in scope if allowed.
2024-04-22 21:24:47,171 - Velocimacro : autoload off : VM system will not automatically reload global library macros
2024-04-22 21:24:47,241 - ResourceManager : found templates/layout.vtl with loader org.apache.velocity.runtime.resource.loader.ClasspathResourceLoader
2024-04-22 21:24:47,278 - ResourceManager : found templates/index.vtl with loader org.apache.velocity.runtime.resource.loader.ClasspathResourceLoader
2024-04-22 21:24:55,525 - Log4JLogChute initialized using file 'velocity.log'
2024-04-22 21:24:55,525 - Log4JLogChute initialized using file 'velocity.log'
2024-04-22 21:24:55,527 - Initializing Velocity, Calling init()...
2024-04-22 21:24:55,527 - Initializing Velocity, Calling init()...
2024-04-22 21:24:55,528 - Starting Apache Velocity v1.7 (compiled: 2010-11-19 12:14:37)
2024-04-22 21:24:55,528 - Starting Apache Velocity v1.7 (compiled: 2010-11-19 12:14:37)
2024-04-22 21:24:55,528 - Default Properties File: org/apache/velocity/runtime/defaults/velocity.properties
2024-04-22 21:24:55,528 - Default Properties File: org/apache/velocity/runtime/defaults/velocity.properties
2024-04-22 21:24:55,529 - Trying to use logger class org.apache.velocity.runtime.log.AvalonLogChute
2024-04-22 21:24:55,529 - Trying to use logger class org.apache.velocity.runtime.log.AvalonLogChute
2024-04-22 21:24:55,529 - Target log system for org.apache.velocity.runtime.log.AvalonLogChute is not available (java.lang.NoClassDefFoundError: org/apache/log/format/Formatter).  Falling back to next log system...
2024-04-22 21:24:55,529 - Target log system for org.apache.velocity.runtime.log.AvalonLogChute is not available (java.lang.NoClassDefFoundError: org/apache/log/format/Formatter).  Falling back to next log system...
2024-04-22 21:24:55,530 - Trying to use logger class org.apache.velocity.runtime.log.Log4JLogChute
2024-04-22 21:24:55,530 - Trying to use logger class org.apache.velocity.runtime.log.Log4JLogChute
2024-04-22 21:24:55,530 - Using logger class org.apache.velocity.runtime.log.Log4JLogChute
2024-04-22 21:24:55,530 - Using logger class org.apache.velocity.runtime.log.Log4JLogChute
2024-04-22 21:24:55,531 - ResourceLoader instantiated: org.apache.velocity.runtime.resource.loader.ClasspathResourceLoader
2024-04-22 21:24:55,531 - ResourceLoader instantiated: org.apache.velocity.runtime.resource.loader.ClasspathResourceLoader
2024-04-22 21:24:55,532 - ResourceCache: initialized (class org.apache.velocity.runtime.resource.ResourceCacheImpl) with class java.util.Collections$SynchronizedMap cache map.
2024-04-22 21:24:55,532 - ResourceCache: initialized (class org.apache.velocity.runtime.resource.ResourceCacheImpl) with class java.util.Collections$SynchronizedMap cache map.
2024-04-22 21:24:55,534 - Loaded System Directive: org.apache.velocity.runtime.directive.Stop
2024-04-22 21:24:55,534 - Loaded System Directive: org.apache.velocity.runtime.directive.Stop
2024-04-22 21:24:55,535 - Loaded System Directive: org.apache.velocity.runtime.directive.Define
2024-04-22 21:24:55,535 - Loaded System Directive: org.apache.velocity.runtime.directive.Define
2024-04-22 21:24:55,535 - Loaded System Directive: org.apache.velocity.runtime.directive.Break
2024-04-22 21:24:55,535 - Loaded System Directive: org.apache.velocity.runtime.directive.Break
2024-04-22 21:24:55,536 - Loaded System Directive: org.apache.velocity.runtime.directive.Evaluate
2024-04-22 21:24:55,536 - Loaded System Directive: org.apache.velocity.runtime.directive.Evaluate
2024-04-22 21:24:55,536 - Loaded System Directive: org.apache.velocity.runtime.directive.Literal
2024-04-22 21:24:55,536 - Loaded System Directive: org.apache.velocity.runtime.directive.Literal
2024-04-22 21:24:55,537 - Loaded System Directive: org.apache.velocity.runtime.directive.Macro
2024-04-22 21:24:55,537 - Loaded System Directive: org.apache.velocity.runtime.directive.Macro
2024-04-22 21:24:55,538 - Loaded System Directive: org.apache.velocity.runtime.directive.Parse
2024-04-22 21:24:55,538 - Loaded System Directive: org.apache.velocity.runtime.directive.Parse
2024-04-22 21:24:55,539 - Loaded System Directive: org.apache.velocity.runtime.directive.Include
2024-04-22 21:24:55,539 - Loaded System Directive: org.apache.velocity.runtime.directive.Include
2024-04-22 21:24:55,540 - Loaded System Directive: org.apache.velocity.runtime.directive.Foreach
2024-04-22 21:24:55,540 - Loaded System Directive: org.apache.velocity.runtime.directive.Foreach
2024-04-22 21:24:55,567 - Created '20' parsers.
2024-04-22 21:24:55,568 - Velocimacro : "velocimacro.library" is not set.  Trying default library: VM_global_library.vm
2024-04-22 21:24:55,569 - Could not load resource 'VM_global_library.vm' from ResourceLoader org.apache.velocity.runtime.resource.loader.ClasspathResourceLoader: ClasspathResourceLoader Error: cannot find resource VM_global_library.vm
2024-04-22 21:24:55,570 - Velocimacro : Default library not found.
2024-04-22 21:24:55,570 - Velocimacro : allowInline = true : VMs can be defined inline in templates
2024-04-22 21:24:55,571 - Velocimacro : allowInlineToOverride = false : VMs defined inline may NOT replace previous VM definitions
2024-04-22 21:24:55,571 - Velocimacro : allowInlineLocal = false : VMs defined inline will be global in scope if allowed.
2024-04-22 21:24:55,572 - Velocimacro : autoload off : VM system will not automatically reload global library macros
2024-04-22 21:24:55,582 - ResourceManager : found templates/layout.vtl with loader org.apache.velocity.runtime.resource.loader.ClasspathResourceLoader
2024-04-22 21:24:55,596 - ResourceManager : found templates/index.vtl with loader org.apache.velocity.runtime.resource.loader.ClasspathResourceLoader
2024-04-22 21:24:55,599 - Null reference [template 'templates/index.vtl', line 96, column 49] : $plato.Nombre cannot be resolved.
2024-04-22 21:24:55,599 - Null reference [template 'templates/index.vtl', line 97, column 37] : $plato.Descripcion cannot be resolved.
2024-04-22 21:24:55,600 - Null reference [template 'templates/index.vtl', line 98, column 37] : $plato.Precio cannot be resolved.
2024-04-22 21:24:55,600 - Null reference [template 'templates/index.vtl', line 96, column 49] : $plato.Nombre cannot be resolved.
2024-04-22 21:24:55,601 - Null reference [template 'templates/index.vtl', line 97, column 37] : $plato.Descripcion cannot be resolved.
2024-04-22 21:24:55,601 - Null reference [template 'templates/index.vtl', line 98, column 37] : $plato.Precio cannot be resolved.
2024-04-22 21:26:00,028 - Log4JLogChute initialized using file 'velocity.log'
2024-04-22 21:26:00,029 - Initializing Velocity, Calling init()...
2024-04-22 21:26:00,030 - Starting Apache Velocity v1.7 (compiled: 2010-11-19 12:14:37)
2024-04-22 21:26:00,030 - Default Properties File: org/apache/velocity/runtime/defaults/velocity.properties
2024-04-22 21:26:00,031 - Trying to use logger class org.apache.velocity.runtime.log.AvalonLogChute
2024-04-22 21:26:00,031 - Target log system for org.apache.velocity.runtime.log.AvalonLogChute is not available (java.lang.NoClassDefFoundError: org/apache/log/format/Formatter).  Falling back to next log system...
2024-04-22 21:26:00,039 - Trying to use logger class org.apache.velocity.runtime.log.Log4JLogChute
2024-04-22 21:26:00,040 - Using logger class org.apache.velocity.runtime.log.Log4JLogChute
2024-04-22 21:26:00,048 - ResourceLoader instantiated: org.apache.velocity.runtime.resource.loader.ClasspathResourceLoader
2024-04-22 21:26:00,089 - ResourceCache: initialized (class org.apache.velocity.runtime.resource.ResourceCacheImpl) with class java.util.Collections$SynchronizedMap cache map.
2024-04-22 21:26:00,093 - Loaded System Directive: org.apache.velocity.runtime.directive.Stop
2024-04-22 21:26:00,095 - Loaded System Directive: org.apache.velocity.runtime.directive.Define
2024-04-22 21:26:00,097 - Loaded System Directive: org.apache.velocity.runtime.directive.Break
2024-04-22 21:26:00,099 - Loaded System Directive: org.apache.velocity.runtime.directive.Evaluate
2024-04-22 21:26:00,100 - Loaded System Directive: org.apache.velocity.runtime.directive.Literal
2024-04-22 21:26:00,103 - Loaded System Directive: org.apache.velocity.runtime.directive.Macro
2024-04-22 21:26:00,106 - Loaded System Directive: org.apache.velocity.runtime.directive.Parse
2024-04-22 21:26:00,109 - Loaded System Directive: org.apache.velocity.runtime.directive.Include
2024-04-22 21:26:00,111 - Loaded System Directive: org.apache.velocity.runtime.directive.Foreach
2024-04-22 21:26:00,179 - Created '20' parsers.
2024-04-22 21:26:00,190 - Velocimacro : "velocimacro.library" is not set.  Trying default library: VM_global_library.vm
2024-04-22 21:26:00,192 - Could not load resource 'VM_global_library.vm' from ResourceLoader org.apache.velocity.runtime.resource.loader.ClasspathResourceLoader: ClasspathResourceLoader Error: cannot find resource VM_global_library.vm
2024-04-22 21:26:00,192 - Velocimacro : Default library not found.
2024-04-22 21:26:00,192 - Velocimacro : allowInline = true : VMs can be defined inline in templates
2024-04-22 21:26:00,192 - Velocimacro : allowInlineToOverride = false : VMs defined inline may NOT replace previous VM definitions
2024-04-22 21:26:00,192 - Velocimacro : allowInlineLocal = false : VMs defined inline will be global in scope if allowed.
2024-04-22 21:26:00,192 - Velocimacro : autoload off : VM system will not automatically reload global library macros
2024-04-22 21:26:00,218 - ResourceManager : found templates/layout.vtl with loader org.apache.velocity.runtime.resource.loader.ClasspathResourceLoader
2024-04-22 21:26:00,281 - ResourceManager : found templates/index.vtl with loader org.apache.velocity.runtime.resource.loader.ClasspathResourceLoader
2024-04-22 21:28:02,118 - Log4JLogChute initialized using file 'velocity.log'
2024-04-22 21:28:02,120 - Initializing Velocity, Calling init()...
2024-04-22 21:28:02,120 - Starting Apache Velocity v1.7 (compiled: 2010-11-19 12:14:37)
2024-04-22 21:28:02,120 - Default Properties File: org/apache/velocity/runtime/defaults/velocity.properties
2024-04-22 21:28:02,121 - Trying to use logger class org.apache.velocity.runtime.log.AvalonLogChute
2024-04-22 21:28:02,121 - Target log system for org.apache.velocity.runtime.log.AvalonLogChute is not available (java.lang.NoClassDefFoundError: org/apache/log/format/Formatter).  Falling back to next log system...
2024-04-22 21:28:02,121 - Trying to use logger class org.apache.velocity.runtime.log.Log4JLogChute
2024-04-22 21:28:02,121 - Using logger class org.apache.velocity.runtime.log.Log4JLogChute
2024-04-22 21:28:02,129 - ResourceLoader instantiated: org.apache.velocity.runtime.resource.loader.ClasspathResourceLoader
2024-04-22 21:28:02,175 - ResourceCache: initialized (class org.apache.velocity.runtime.resource.ResourceCacheImpl) with class java.util.Collections$SynchronizedMap cache map.
2024-04-22 21:28:02,179 - Loaded System Directive: org.apache.velocity.runtime.directive.Stop
2024-04-22 21:28:02,181 - Loaded System Directive: org.apache.velocity.runtime.directive.Define
2024-04-22 21:28:02,184 - Loaded System Directive: org.apache.velocity.runtime.directive.Break
2024-04-22 21:28:02,186 - Loaded System Directive: org.apache.velocity.runtime.directive.Evaluate
2024-04-22 21:28:02,187 - Loaded System Directive: org.apache.velocity.runtime.directive.Literal
2024-04-22 21:28:02,190 - Loaded System Directive: org.apache.velocity.runtime.directive.Macro
2024-04-22 21:28:02,192 - Loaded System Directive: org.apache.velocity.runtime.directive.Parse
2024-04-22 21:28:02,195 - Loaded System Directive: org.apache.velocity.runtime.directive.Include
2024-04-22 21:28:02,197 - Loaded System Directive: org.apache.velocity.runtime.directive.Foreach
2024-04-22 21:28:02,290 - Created '20' parsers.
2024-04-22 21:28:02,309 - Velocimacro : "velocimacro.library" is not set.  Trying default library: VM_global_library.vm
2024-04-22 21:28:02,310 - Could not load resource 'VM_global_library.vm' from ResourceLoader org.apache.velocity.runtime.resource.loader.ClasspathResourceLoader: ClasspathResourceLoader Error: cannot find resource VM_global_library.vm
2024-04-22 21:28:02,311 - Velocimacro : Default library not found.
2024-04-22 21:28:02,311 - Velocimacro : allowInline = true : VMs can be defined inline in templates
2024-04-22 21:28:02,311 - Velocimacro : allowInlineToOverride = false : VMs defined inline may NOT replace previous VM definitions
2024-04-22 21:28:02,311 - Velocimacro : allowInlineLocal = false : VMs defined inline will be global in scope if allowed.
2024-04-22 21:28:02,312 - Velocimacro : autoload off : VM system will not automatically reload global library macros
2024-04-22 21:28:02,375 - ResourceManager : found templates/layout.vtl with loader org.apache.velocity.runtime.resource.loader.ClasspathResourceLoader
2024-04-22 21:28:02,431 - ResourceManager : found templates/index.vtl with loader org.apache.velocity.runtime.resource.loader.ClasspathResourceLoader
2024-04-22 21:29:19,622 - Log4JLogChute initialized using file 'velocity.log'
2024-04-22 21:29:19,625 - Initializing Velocity, Calling init()...
2024-04-22 21:29:19,626 - Starting Apache Velocity v1.7 (compiled: 2010-11-19 12:14:37)
2024-04-22 21:29:19,626 - Default Properties File: org/apache/velocity/runtime/defaults/velocity.properties
2024-04-22 21:29:19,627 - Trying to use logger class org.apache.velocity.runtime.log.AvalonLogChute
2024-04-22 21:29:19,628 - Target log system for org.apache.velocity.runtime.log.AvalonLogChute is not available (java.lang.NoClassDefFoundError: org/apache/log/format/Formatter).  Falling back to next log system...
2024-04-22 21:29:19,628 - Trying to use logger class org.apache.velocity.runtime.log.Log4JLogChute
2024-04-22 21:29:19,630 - Using logger class org.apache.velocity.runtime.log.Log4JLogChute
2024-04-22 21:29:19,643 - ResourceLoader instantiated: org.apache.velocity.runtime.resource.loader.ClasspathResourceLoader
2024-04-22 21:29:19,674 - ResourceCache: initialized (class org.apache.velocity.runtime.resource.ResourceCacheImpl) with class java.util.Collections$SynchronizedMap cache map.
2024-04-22 21:29:19,686 - Loaded System Directive: org.apache.velocity.runtime.directive.Stop
2024-04-22 21:29:19,689 - Loaded System Directive: org.apache.velocity.runtime.directive.Define
2024-04-22 21:29:19,690 - Loaded System Directive: org.apache.velocity.runtime.directive.Break
2024-04-22 21:29:19,692 - Loaded System Directive: org.apache.velocity.runtime.directive.Evaluate
2024-04-22 21:29:19,694 - Loaded System Directive: org.apache.velocity.runtime.directive.Literal
2024-04-22 21:29:19,697 - Loaded System Directive: org.apache.velocity.runtime.directive.Macro
2024-04-22 21:29:19,704 - Loaded System Directive: org.apache.velocity.runtime.directive.Parse
2024-04-22 21:29:19,707 - Loaded System Directive: org.apache.velocity.runtime.directive.Include
2024-04-22 21:29:19,710 - Loaded System Directive: org.apache.velocity.runtime.directive.Foreach
2024-04-22 21:29:19,779 - Created '20' parsers.
2024-04-22 21:29:19,795 - Velocimacro : "velocimacro.library" is not set.  Trying default library: VM_global_library.vm
2024-04-22 21:29:19,797 - Could not load resource 'VM_global_library.vm' from ResourceLoader org.apache.velocity.runtime.resource.loader.ClasspathResourceLoader: ClasspathResourceLoader Error: cannot find resource VM_global_library.vm
2024-04-22 21:29:19,797 - Velocimacro : Default library not found.
2024-04-22 21:29:19,798 - Velocimacro : allowInline = true : VMs can be defined inline in templates
2024-04-22 21:29:19,801 - Velocimacro : allowInlineToOverride = false : VMs defined inline may NOT replace previous VM definitions
2024-04-22 21:29:19,802 - Velocimacro : allowInlineLocal = false : VMs defined inline will be global in scope if allowed.
2024-04-22 21:29:19,803 - Velocimacro : autoload off : VM system will not automatically reload global library macros
2024-04-22 21:29:19,873 - ResourceManager : found templates/layout.vtl with loader org.apache.velocity.runtime.resource.loader.ClasspathResourceLoader
2024-04-22 21:29:19,912 - ResourceManager : found templates/index.vtl with loader org.apache.velocity.runtime.resource.loader.ClasspathResourceLoader
2024-04-22 21:31:18,541 - Log4JLogChute initialized using file 'velocity.log'
2024-04-22 21:31:18,541 - Log4JLogChute initialized using file 'velocity.log'
2024-04-22 21:31:18,543 - Initializing Velocity, Calling init()...
2024-04-22 21:31:18,543 - Initializing Velocity, Calling init()...
2024-04-22 21:31:18,543 - Starting Apache Velocity v1.7 (compiled: 2010-11-19 12:14:37)
2024-04-22 21:31:18,543 - Starting Apache Velocity v1.7 (compiled: 2010-11-19 12:14:37)
2024-04-22 21:31:18,543 - Default Properties File: org/apache/velocity/runtime/defaults/velocity.properties
2024-04-22 21:31:18,543 - Default Properties File: org/apache/velocity/runtime/defaults/velocity.properties
2024-04-22 21:31:18,543 - Trying to use logger class org.apache.velocity.runtime.log.AvalonLogChute
2024-04-22 21:31:18,543 - Trying to use logger class org.apache.velocity.runtime.log.AvalonLogChute
2024-04-22 21:31:18,544 - Target log system for org.apache.velocity.runtime.log.AvalonLogChute is not available (java.lang.NoClassDefFoundError: org/apache/log/format/Formatter).  Falling back to next log system...
2024-04-22 21:31:18,544 - Target log system for org.apache.velocity.runtime.log.AvalonLogChute is not available (java.lang.NoClassDefFoundError: org/apache/log/format/Formatter).  Falling back to next log system...
2024-04-22 21:31:18,544 - Trying to use logger class org.apache.velocity.runtime.log.Log4JLogChute
2024-04-22 21:31:18,544 - Trying to use logger class org.apache.velocity.runtime.log.Log4JLogChute
2024-04-22 21:31:18,544 - Using logger class org.apache.velocity.runtime.log.Log4JLogChute
2024-04-22 21:31:18,544 - Using logger class org.apache.velocity.runtime.log.Log4JLogChute
2024-04-22 21:31:18,553 - ResourceLoader instantiated: org.apache.velocity.runtime.resource.loader.ClasspathResourceLoader
2024-04-22 21:31:18,553 - ResourceLoader instantiated: org.apache.velocity.runtime.resource.loader.ClasspathResourceLoader
2024-04-22 21:31:18,554 - ResourceCache: initialized (class org.apache.velocity.runtime.resource.ResourceCacheImpl) with class java.util.Collections$SynchronizedMap cache map.
2024-04-22 21:31:18,554 - ResourceCache: initialized (class org.apache.velocity.runtime.resource.ResourceCacheImpl) with class java.util.Collections$SynchronizedMap cache map.
2024-04-22 21:31:18,556 - Loaded System Directive: org.apache.velocity.runtime.directive.Stop
2024-04-22 21:31:18,556 - Loaded System Directive: org.apache.velocity.runtime.directive.Stop
2024-04-22 21:31:18,557 - Loaded System Directive: org.apache.velocity.runtime.directive.Define
2024-04-22 21:31:18,557 - Loaded System Directive: org.apache.velocity.runtime.directive.Define
2024-04-22 21:31:18,557 - Loaded System Directive: org.apache.velocity.runtime.directive.Break
2024-04-22 21:31:18,557 - Loaded System Directive: org.apache.velocity.runtime.directive.Break
2024-04-22 21:31:18,558 - Loaded System Directive: org.apache.velocity.runtime.directive.Evaluate
2024-04-22 21:31:18,558 - Loaded System Directive: org.apache.velocity.runtime.directive.Evaluate
2024-04-22 21:31:18,559 - Loaded System Directive: org.apache.velocity.runtime.directive.Literal
2024-04-22 21:31:18,559 - Loaded System Directive: org.apache.velocity.runtime.directive.Literal
2024-04-22 21:31:18,560 - Loaded System Directive: org.apache.velocity.runtime.directive.Macro
2024-04-22 21:31:18,560 - Loaded System Directive: org.apache.velocity.runtime.directive.Macro
2024-04-22 21:31:18,560 - Loaded System Directive: org.apache.velocity.runtime.directive.Parse
2024-04-22 21:31:18,560 - Loaded System Directive: org.apache.velocity.runtime.directive.Parse
2024-04-22 21:31:18,561 - Loaded System Directive: org.apache.velocity.runtime.directive.Include
2024-04-22 21:31:18,561 - Loaded System Directive: org.apache.velocity.runtime.directive.Include
2024-04-22 21:31:18,563 - Loaded System Directive: org.apache.velocity.runtime.directive.Foreach
2024-04-22 21:31:18,563 - Loaded System Directive: org.apache.velocity.runtime.directive.Foreach
2024-04-22 21:31:18,569 - Created '20' parsers.
2024-04-22 21:31:18,569 - Created '20' parsers.
2024-04-22 21:31:18,571 - Velocimacro : "velocimacro.library" is not set.  Trying default library: VM_global_library.vm
2024-04-22 21:31:18,571 - Velocimacro : "velocimacro.library" is not set.  Trying default library: VM_global_library.vm
2024-04-22 21:31:18,572 - Could not load resource 'VM_global_library.vm' from ResourceLoader org.apache.velocity.runtime.resource.loader.ClasspathResourceLoader: ClasspathResourceLoader Error: cannot find resource VM_global_library.vm
2024-04-22 21:31:18,572 - Could not load resource 'VM_global_library.vm' from ResourceLoader org.apache.velocity.runtime.resource.loader.ClasspathResourceLoader: ClasspathResourceLoader Error: cannot find resource VM_global_library.vm
2024-04-22 21:31:18,573 - Velocimacro : Default library not found.
2024-04-22 21:31:18,573 - Velocimacro : Default library not found.
2024-04-22 21:31:18,574 - Velocimacro : allowInline = true : VMs can be defined inline in templates
2024-04-22 21:31:18,574 - Velocimacro : allowInline = true : VMs can be defined inline in templates
2024-04-22 21:31:18,575 - Velocimacro : allowInlineToOverride = false : VMs defined inline may NOT replace previous VM definitions
2024-04-22 21:31:18,575 - Velocimacro : allowInlineToOverride = false : VMs defined inline may NOT replace previous VM definitions
2024-04-22 21:31:18,575 - Velocimacro : allowInlineLocal = false : VMs defined inline will be global in scope if allowed.
2024-04-22 21:31:18,575 - Velocimacro : allowInlineLocal = false : VMs defined inline will be global in scope if allowed.
2024-04-22 21:31:18,576 - Velocimacro : autoload off : VM system will not automatically reload global library macros
2024-04-22 21:31:18,576 - Velocimacro : autoload off : VM system will not automatically reload global library macros
2024-04-22 21:31:18,577 - ResourceManager : found templates/layout.vtl with loader org.apache.velocity.runtime.resource.loader.ClasspathResourceLoader
2024-04-22 21:31:18,577 - ResourceManager : found templates/layout.vtl with loader org.apache.velocity.runtime.resource.loader.ClasspathResourceLoader
2024-04-22 21:31:18,626 - ResourceManager : found templates/index.vtl with loader org.apache.velocity.runtime.resource.loader.ClasspathResourceLoader
2024-04-22 21:31:18,626 - ResourceManager : found templates/index.vtl with loader org.apache.velocity.runtime.resource.loader.ClasspathResourceLoader
2024-04-22 21:31:21,886 - Log4JLogChute initialized using file 'velocity.log'
2024-04-22 21:31:21,887 - Initializing Velocity, Calling init()...
2024-04-22 21:31:21,887 - Starting Apache Velocity v1.7 (compiled: 2010-11-19 12:14:37)
2024-04-22 21:31:21,888 - Default Properties File: org/apache/velocity/runtime/defaults/velocity.properties
2024-04-22 21:31:21,888 - Trying to use logger class org.apache.velocity.runtime.log.AvalonLogChute
2024-04-22 21:31:21,889 - Target log system for org.apache.velocity.runtime.log.AvalonLogChute is not available (java.lang.NoClassDefFoundError: org/apache/log/format/Formatter).  Falling back to next log system...
2024-04-22 21:31:21,889 - Trying to use logger class org.apache.velocity.runtime.log.Log4JLogChute
2024-04-22 21:31:21,890 - Using logger class org.apache.velocity.runtime.log.Log4JLogChute
2024-04-22 21:31:21,890 - ResourceLoader instantiated: org.apache.velocity.runtime.resource.loader.ClasspathResourceLoader
2024-04-22 21:31:21,891 - ResourceCache: initialized (class org.apache.velocity.runtime.resource.ResourceCacheImpl) with class java.util.Collections$SynchronizedMap cache map.
2024-04-22 21:31:21,893 - Loaded System Directive: org.apache.velocity.runtime.directive.Stop
2024-04-22 21:31:21,893 - Loaded System Directive: org.apache.velocity.runtime.directive.Define
2024-04-22 21:31:21,894 - Loaded System Directive: org.apache.velocity.runtime.directive.Break
2024-04-22 21:31:21,894 - Loaded System Directive: org.apache.velocity.runtime.directive.Evaluate
2024-04-22 21:31:21,895 - Loaded System Directive: org.apache.velocity.runtime.directive.Literal
2024-04-22 21:31:21,904 - Loaded System Directive: org.apache.velocity.runtime.directive.Macro
2024-04-22 21:31:21,905 - Loaded System Directive: org.apache.velocity.runtime.directive.Parse
2024-04-22 21:31:21,906 - Loaded System Directive: org.apache.velocity.runtime.directive.Include
2024-04-22 21:31:21,906 - Loaded System Directive: org.apache.velocity.runtime.directive.Foreach
2024-04-22 21:31:21,910 - Created '20' parsers.
2024-04-22 21:31:21,927 - Velocimacro : "velocimacro.library" is not set.  Trying default library: VM_global_library.vm
2024-04-22 21:31:21,929 - Could not load resource 'VM_global_library.vm' from ResourceLoader org.apache.velocity.runtime.resource.loader.ClasspathResourceLoader: ClasspathResourceLoader Error: cannot find resource VM_global_library.vm
2024-04-22 21:31:21,929 - Velocimacro : Default library not found.
2024-04-22 21:31:21,929 - Velocimacro : allowInline = true : VMs can be defined inline in templates
2024-04-22 21:31:21,929 - Velocimacro : allowInlineToOverride = false : VMs defined inline may NOT replace previous VM definitions
2024-04-22 21:31:21,930 - Velocimacro : allowInlineLocal = false : VMs defined inline will be global in scope if allowed.
2024-04-22 21:31:21,930 - Velocimacro : autoload off : VM system will not automatically reload global library macros
2024-04-22 21:31:21,932 - ResourceManager : found templates/layout.vtl with loader org.apache.velocity.runtime.resource.loader.ClasspathResourceLoader
2024-04-22 21:31:21,943 - ResourceManager : found templates/index.vtl with loader org.apache.velocity.runtime.resource.loader.ClasspathResourceLoader
