2024-04-21 10:45:00,857 - Initializing Velocity, Calling init()...
2024-04-21 10:45:00,859 - Starting Apache Velocity v1.7 (compiled: 2010-11-19 12:14:37)
2024-04-21 10:45:00,859 - Default Properties File: org/apache/velocity/runtime/defaults/velocity.properties
2024-04-21 10:45:00,861 - Trying to use logger class org.apache.velocity.runtime.log.AvalonLogChute
2024-04-21 10:45:00,862 - Target log system for org.apache.velocity.runtime.log.AvalonLogChute is not available (java.lang.NoClassDefFoundError: org/apache/log/format/Formatter).  Falling back to next log system...
2024-04-21 10:45:00,863 - Trying to use logger class org.apache.velocity.runtime.log.Log4JLogChute
2024-04-21 10:45:00,864 - Using logger class org.apache.velocity.runtime.log.Log4JLogChute
2024-04-21 10:45:00,864 - ResourceLoader instantiated: org.apache.velocity.runtime.resource.loader.ClasspathResourceLoader
2024-04-21 10:45:00,865 - ResourceCache: initialized (class org.apache.velocity.runtime.resource.ResourceCacheImpl) with class java.util.Collections$SynchronizedMap cache map.
2024-04-21 10:45:00,867 - Loaded System Directive: org.apache.velocity.runtime.directive.Stop
2024-04-21 10:45:00,867 - Loaded System Directive: org.apache.velocity.runtime.directive.Define
2024-04-21 10:45:00,868 - Loaded System Directive: org.apache.velocity.runtime.directive.Break
2024-04-21 10:45:00,868 - Loaded System Directive: org.apache.velocity.runtime.directive.Evaluate
2024-04-21 10:45:00,869 - Loaded System Directive: org.apache.velocity.runtime.directive.Literal
2024-04-21 10:45:00,869 - Loaded System Directive: org.apache.velocity.runtime.directive.Macro
2024-04-21 10:45:00,870 - Loaded System Directive: org.apache.velocity.runtime.directive.Parse
2024-04-21 10:45:00,870 - Loaded System Directive: org.apache.velocity.runtime.directive.Include
2024-04-21 10:45:00,871 - Loaded System Directive: org.apache.velocity.runtime.directive.Foreach
2024-04-21 10:45:00,873 - Created '20' parsers.
2024-04-21 10:45:00,874 - Velocimacro : "velocimacro.library" is not set.  Trying default library: VM_global_library.vm
2024-04-21 10:45:00,875 - Could not load resource 'VM_global_library.vm' from ResourceLoader org.apache.velocity.runtime.resource.loader.ClasspathResourceLoader: ClasspathResourceLoader Error: cannot find resource VM_global_library.vm
2024-04-21 10:45:00,875 - Velocimacro : Default library not found.
2024-04-21 10:45:00,876 - Velocimacro : allowInline = true : VMs can be defined inline in templates
2024-04-21 10:45:00,876 - Velocimacro : allowInlineToOverride = false : VMs defined inline may NOT replace previous VM definitions
2024-04-21 10:45:00,876 - Velocimacro : allowInlineLocal = false : VMs defined inline will be global in scope if allowed.
2024-04-21 10:45:00,876 - Velocimacro : autoload off : VM system will not automatically reload global library macros
2024-04-21 10:45:00,879 - ResourceManager : found templates/layout.vtl with loader org.apache.velocity.runtime.resource.loader.ClasspathResourceLoader
2024-04-21 10:45:00,885 - ResourceManager : found templates/index.vtl with loader org.apache.velocity.runtime.resource.loader.ClasspathResourceLoader
